\BOOKMARK [0][-]{chapter*.1}{Abstract}{}% 1
\BOOKMARK [0][-]{chapter*.1}{List of Figures}{}% 2
\BOOKMARK [0][-]{chapter.1}{Introduction}{}% 3
\BOOKMARK [1][-]{section.1.1}{History of Monte Carlo Method}{chapter.1}% 4
\BOOKMARK [1][-]{section.1.2}{Random Numbers for Monte Carlo Simulation}{chapter.1}% 5
\BOOKMARK [1][-]{section.1.3}{Monte Carlo Method}{chapter.1}% 6
\BOOKMARK [1][-]{section.1.4}{Basic Implementations of the Monte Carlo Method}{chapter.1}% 7
\BOOKMARK [1][-]{section.1.5}{Gaussian Distribution and Central Limit Theorem}{chapter.1}% 8
\BOOKMARK [2][-]{subsection.1.5.1}{Gaussian Distribution}{section.1.5}% 9
\BOOKMARK [2][-]{subsection.1.5.2}{Central Limit Theorem \(CLT\)}{section.1.5}% 10
\BOOKMARK [0][-]{chapter.2}{The Monte Carlo Method \(MC\)}{}% 11
\BOOKMARK [1][-]{section.2.1}{Estimation of Expected Value}{chapter.2}% 12
\BOOKMARK [1][-]{section.2.2}{Sampling}{chapter.2}% 13
\BOOKMARK [1][-]{section.2.3}{Markov Process and Markov Chain}{chapter.2}% 14
\BOOKMARK [1][-]{section.2.4}{Acceptance Ratio and Selection Probabilities}{chapter.2}% 15
\BOOKMARK [0][-]{chapter.3}{The Ising Model and two of its MC Algorithms}{}% 16
\BOOKMARK [1][-]{section.3.1}{The Ising Model}{chapter.3}% 17
\BOOKMARK [1][-]{section.3.2}{Macroscopic Properties of Ising Model}{chapter.3}% 18
\BOOKMARK [1][-]{section.3.3}{How to Analyze Properties with Monte Carlo Method }{chapter.3}% 19
\BOOKMARK [2][-]{subsection.3.3.1}{Equilibration Time}{section.3.3}% 20
\BOOKMARK [2][-]{subsection.3.3.2}{Autocorrelation Function and Correlation Times}{section.3.3}% 21
\BOOKMARK [2][-]{subsection.3.3.3}{Errors in Calculation}{section.3.3}% 22
\BOOKMARK [1][-]{section.3.4}{Metropolis Algorithm}{chapter.3}% 23
\BOOKMARK [1][-]{section.3.5}{Implementation of Metropolis simulation of the Ising Model}{chapter.3}% 24
\BOOKMARK [2][-]{subsection.3.5.1}{Calculation of Energy and Magnetization}{section.3.5}% 25
\BOOKMARK [2][-]{subsection.3.5.2}{Equilibration Time}{section.3.5}% 26
\BOOKMARK [2][-]{subsection.3.5.3}{Autocorrelation Function and Correlation times}{section.3.5}% 27
\BOOKMARK [2][-]{subsection.3.5.4}{Analysis of Macroscopic System Properties}{section.3.5}% 28
\BOOKMARK [1][-]{section.3.6}{Phase Transitions}{chapter.3}% 29
\BOOKMARK [1][-]{section.3.7}{Critical and Dynamic Exponent}{chapter.3}% 30
\BOOKMARK [1][-]{section.3.8}{Measurement of Dynamic Exponent, z}{chapter.3}% 31
\BOOKMARK [1][-]{section.3.9}{Wolff Algorithm}{chapter.3}% 32
\BOOKMARK [1][-]{section.3.10}{Implementation of Wolff simulation of the Ising Model}{chapter.3}% 33
\BOOKMARK [0][-]{chapter.4}{Finite Size Scaling}{}% 34
\BOOKMARK [0][-]{chapter.5}{Binder Ratios}{}% 35
\BOOKMARK [0][-]{chapter.6}{Stochastic Series Expansion \(SSE\)}{}% 36
\BOOKMARK [0][-]{appendix.A}{Programs}{}% 37
