This is pdfTeX, Version 3.1415926-2.5-1.40.14 (TeX Live 2013) (format=pdflatex 2013.9.30)  16 FEB 2014 11:56
entering extended mode
 restricted \write18 enabled.
 %&-line parsing enabled.
**kaplan_ifp_report.tex
(./kaplan_ifp_report.tex
LaTeX2e <2011/06/27>
Babel <3.9f> and hyphenation patterns for 78 languages loaded.
(/usr/local/texlive/2013/texmf-dist/tex/latex/base/report.cls
Document Class: report 2007/10/19 v1.4h Standard LaTeX document class
(/usr/local/texlive/2013/texmf-dist/tex/latex/base/fleqn.clo
File: fleqn.clo 1998/08/17 v1.1c Standard LaTeX option (flush left equations)
\mathindent=\dimen102
)
(/usr/local/texlive/2013/texmf-dist/tex/latex/base/size12.clo
File: size12.clo 2007/10/19 v1.4h Standard LaTeX file (size option)
)
\c@part=\count79
\c@chapter=\count80
\c@section=\count81
\c@subsection=\count82
\c@subsubsection=\count83
\c@paragraph=\count84
\c@subparagraph=\count85
\c@figure=\count86
\c@table=\count87
\abovecaptionskip=\skip41
\belowcaptionskip=\skip42
\bibindent=\dimen103
)
(/usr/local/texlive/2013/texmf-dist/tex/latex/base/inputenc.sty
Package: inputenc 2008/03/30 v1.1d Input encoding file
\inpenc@prehook=\toks14
\inpenc@posthook=\toks15

(/usr/local/texlive/2013/texmf-dist/tex/latex/base/utf8.def
File: utf8.def 2008/04/05 v1.1m UTF-8 support for inputenc
Now handling font encoding OML ...
... no UTF-8 mapping file for font encoding OML
Now handling font encoding T1 ...
... processing UTF-8 mapping file for font encoding T1

(/usr/local/texlive/2013/texmf-dist/tex/latex/base/t1enc.dfu
File: t1enc.dfu 2008/04/05 v1.1m UTF-8 support for inputenc
   defining Unicode char U+00A1 (decimal 161)
   defining Unicode char U+00A3 (decimal 163)
   defining Unicode char U+00AB (decimal 171)
   defining Unicode char U+00BB (decimal 187)
   defining Unicode char U+00BF (decimal 191)
   defining Unicode char U+00C0 (decimal 192)
   defining Unicode char U+00C1 (decimal 193)
   defining Unicode char U+00C2 (decimal 194)
   defining Unicode char U+00C3 (decimal 195)
   defining Unicode char U+00C4 (decimal 196)
   defining Unicode char U+00C5 (decimal 197)
   defining Unicode char U+00C6 (decimal 198)
   defining Unicode char U+00C7 (decimal 199)
   defining Unicode char U+00C8 (decimal 200)
   defining Unicode char U+00C9 (decimal 201)
   defining Unicode char U+00CA (decimal 202)
   defining Unicode char U+00CB (decimal 203)
   defining Unicode char U+00CC (decimal 204)
   defining Unicode char U+00CD (decimal 205)
   defining Unicode char U+00CE (decimal 206)
   defining Unicode char U+00CF (decimal 207)
   defining Unicode char U+00D0 (decimal 208)
   defining Unicode char U+00D1 (decimal 209)
   defining Unicode char U+00D2 (decimal 210)
   defining Unicode char U+00D3 (decimal 211)
   defining Unicode char U+00D4 (decimal 212)
   defining Unicode char U+00D5 (decimal 213)
   defining Unicode char U+00D6 (decimal 214)
   defining Unicode char U+00D8 (decimal 216)
   defining Unicode char U+00D9 (decimal 217)
   defining Unicode char U+00DA (decimal 218)
   defining Unicode char U+00DB (decimal 219)
   defining Unicode char U+00DC (decimal 220)
   defining Unicode char U+00DD (decimal 221)
   defining Unicode char U+00DE (decimal 222)
   defining Unicode char U+00DF (decimal 223)
   defining Unicode char U+00E0 (decimal 224)
   defining Unicode char U+00E1 (decimal 225)
   defining Unicode char U+00E2 (decimal 226)
   defining Unicode char U+00E3 (decimal 227)
   defining Unicode char U+00E4 (decimal 228)
   defining Unicode char U+00E5 (decimal 229)
   defining Unicode char U+00E6 (decimal 230)
   defining Unicode char U+00E7 (decimal 231)
   defining Unicode char U+00E8 (decimal 232)
   defining Unicode char U+00E9 (decimal 233)
   defining Unicode char U+00EA (decimal 234)
   defining Unicode char U+00EB (decimal 235)
   defining Unicode char U+00EC (decimal 236)
   defining Unicode char U+00ED (decimal 237)
   defining Unicode char U+00EE (decimal 238)
   defining Unicode char U+00EF (decimal 239)
   defining Unicode char U+00F0 (decimal 240)
   defining Unicode char U+00F1 (decimal 241)
   defining Unicode char U+00F2 (decimal 242)
   defining Unicode char U+00F3 (decimal 243)
   defining Unicode char U+00F4 (decimal 244)
   defining Unicode char U+00F5 (decimal 245)
   defining Unicode char U+00F6 (decimal 246)
   defining Unicode char U+00F8 (decimal 248)
   defining Unicode char U+00F9 (decimal 249)
   defining Unicode char U+00FA (decimal 250)
   defining Unicode char U+00FB (decimal 251)
   defining Unicode char U+00FC (decimal 252)
   defining Unicode char U+00FD (decimal 253)
   defining Unicode char U+00FE (decimal 254)
   defining Unicode char U+00FF (decimal 255)
   defining Unicode char U+0102 (decimal 258)
   defining Unicode char U+0103 (decimal 259)
   defining Unicode char U+0104 (decimal 260)
   defining Unicode char U+0105 (decimal 261)
   defining Unicode char U+0106 (decimal 262)
   defining Unicode char U+0107 (decimal 263)
   defining Unicode char U+010C (decimal 268)
   defining Unicode char U+010D (decimal 269)
   defining Unicode char U+010E (decimal 270)
   defining Unicode char U+010F (decimal 271)
   defining Unicode char U+0110 (decimal 272)
   defining Unicode char U+0111 (decimal 273)
   defining Unicode char U+0118 (decimal 280)
   defining Unicode char U+0119 (decimal 281)
   defining Unicode char U+011A (decimal 282)
   defining Unicode char U+011B (decimal 283)
   defining Unicode char U+011E (decimal 286)
   defining Unicode char U+011F (decimal 287)
   defining Unicode char U+0130 (decimal 304)
   defining Unicode char U+0131 (decimal 305)
   defining Unicode char U+0132 (decimal 306)
   defining Unicode char U+0133 (decimal 307)
   defining Unicode char U+0139 (decimal 313)
   defining Unicode char U+013A (decimal 314)
   defining Unicode char U+013D (decimal 317)
   defining Unicode char U+013E (decimal 318)
   defining Unicode char U+0141 (decimal 321)
   defining Unicode char U+0142 (decimal 322)
   defining Unicode char U+0143 (decimal 323)
   defining Unicode char U+0144 (decimal 324)
   defining Unicode char U+0147 (decimal 327)
   defining Unicode char U+0148 (decimal 328)
   defining Unicode char U+014A (decimal 330)
   defining Unicode char U+014B (decimal 331)
   defining Unicode char U+0150 (decimal 336)
   defining Unicode char U+0151 (decimal 337)
   defining Unicode char U+0152 (decimal 338)
   defining Unicode char U+0153 (decimal 339)
   defining Unicode char U+0154 (decimal 340)
   defining Unicode char U+0155 (decimal 341)
   defining Unicode char U+0158 (decimal 344)
   defining Unicode char U+0159 (decimal 345)
   defining Unicode char U+015A (decimal 346)
   defining Unicode char U+015B (decimal 347)
   defining Unicode char U+015E (decimal 350)
   defining Unicode char U+015F (decimal 351)
   defining Unicode char U+0160 (decimal 352)
   defining Unicode char U+0161 (decimal 353)
   defining Unicode char U+0162 (decimal 354)
   defining Unicode char U+0163 (decimal 355)
   defining Unicode char U+0164 (decimal 356)
   defining Unicode char U+0165 (decimal 357)
   defining Unicode char U+016E (decimal 366)
   defining Unicode char U+016F (decimal 367)
   defining Unicode char U+0170 (decimal 368)
   defining Unicode char U+0171 (decimal 369)
   defining Unicode char U+0178 (decimal 376)
   defining Unicode char U+0179 (decimal 377)
   defining Unicode char U+017A (decimal 378)
   defining Unicode char U+017B (decimal 379)
   defining Unicode char U+017C (decimal 380)
   defining Unicode char U+017D (decimal 381)
   defining Unicode char U+017E (decimal 382)
   defining Unicode char U+200C (decimal 8204)
   defining Unicode char U+2013 (decimal 8211)
   defining Unicode char U+2014 (decimal 8212)
   defining Unicode char U+2018 (decimal 8216)
   defining Unicode char U+2019 (decimal 8217)
   defining Unicode char U+201A (decimal 8218)
   defining Unicode char U+201C (decimal 8220)
   defining Unicode char U+201D (decimal 8221)
   defining Unicode char U+201E (decimal 8222)
   defining Unicode char U+2030 (decimal 8240)
   defining Unicode char U+2031 (decimal 8241)
   defining Unicode char U+2039 (decimal 8249)
   defining Unicode char U+203A (decimal 8250)
   defining Unicode char U+2423 (decimal 9251)
)
Now handling font encoding OT1 ...
... processing UTF-8 mapping file for font encoding OT1

(/usr/local/texlive/2013/texmf-dist/tex/latex/base/ot1enc.dfu
File: ot1enc.dfu 2008/04/05 v1.1m UTF-8 support for inputenc
   defining Unicode char U+00A1 (decimal 161)
   defining Unicode char U+00A3 (decimal 163)
   defining Unicode char U+00B8 (decimal 184)
   defining Unicode char U+00BF (decimal 191)
   defining Unicode char U+00C5 (decimal 197)
   defining Unicode char U+00C6 (decimal 198)
   defining Unicode char U+00D8 (decimal 216)
   defining Unicode char U+00DF (decimal 223)
   defining Unicode char U+00E6 (decimal 230)
   defining Unicode char U+00EC (decimal 236)
   defining Unicode char U+00ED (decimal 237)
   defining Unicode char U+00EE (decimal 238)
   defining Unicode char U+00EF (decimal 239)
   defining Unicode char U+00F8 (decimal 248)
   defining Unicode char U+0131 (decimal 305)
   defining Unicode char U+0141 (decimal 321)
   defining Unicode char U+0142 (decimal 322)
   defining Unicode char U+0152 (decimal 338)
   defining Unicode char U+0153 (decimal 339)
   defining Unicode char U+2013 (decimal 8211)
   defining Unicode char U+2014 (decimal 8212)
   defining Unicode char U+2018 (decimal 8216)
   defining Unicode char U+2019 (decimal 8217)
   defining Unicode char U+201C (decimal 8220)
   defining Unicode char U+201D (decimal 8221)
)
Now handling font encoding OMS ...
... processing UTF-8 mapping file for font encoding OMS

(/usr/local/texlive/2013/texmf-dist/tex/latex/base/omsenc.dfu
File: omsenc.dfu 2008/04/05 v1.1m UTF-8 support for inputenc
   defining Unicode char U+00A7 (decimal 167)
   defining Unicode char U+00B6 (decimal 182)
   defining Unicode char U+00B7 (decimal 183)
   defining Unicode char U+2020 (decimal 8224)
   defining Unicode char U+2021 (decimal 8225)
   defining Unicode char U+2022 (decimal 8226)
)
Now handling font encoding OMX ...
... no UTF-8 mapping file for font encoding OMX
Now handling font encoding U ...
... no UTF-8 mapping file for font encoding U
   defining Unicode char U+00A9 (decimal 169)
   defining Unicode char U+00AA (decimal 170)
   defining Unicode char U+00AE (decimal 174)
   defining Unicode char U+00BA (decimal 186)
   defining Unicode char U+02C6 (decimal 710)
   defining Unicode char U+02DC (decimal 732)
   defining Unicode char U+200C (decimal 8204)
   defining Unicode char U+2026 (decimal 8230)
   defining Unicode char U+2122 (decimal 8482)
   defining Unicode char U+2423 (decimal 9251)
))
(/usr/local/texlive/2013/texmf-dist/tex/latex/amsfonts/amssymb.sty
Package: amssymb 2013/01/14 v3.01 AMS font symbols

(/usr/local/texlive/2013/texmf-dist/tex/latex/amsfonts/amsfonts.sty
Package: amsfonts 2013/01/14 v3.01 Basic AMSFonts support
\@emptytoks=\toks16
\symAMSa=\mathgroup4
\symAMSb=\mathgroup5
LaTeX Font Info:    Overwriting math alphabet `\mathfrak' in version `bold'
(Font)                  U/euf/m/n --> U/euf/b/n on input line 106.
))
(/usr/local/texlive/2013/texmf-dist/tex/latex/amsmath/amsmath.sty
Package: amsmath 2013/01/14 v2.14 AMS math features
\@mathmargin=\skip43

For additional information on amsmath, use the `?' option.
(/usr/local/texlive/2013/texmf-dist/tex/latex/amsmath/amstext.sty
Package: amstext 2000/06/29 v2.01

(/usr/local/texlive/2013/texmf-dist/tex/latex/amsmath/amsgen.sty
File: amsgen.sty 1999/11/30 v2.0
\@emptytoks=\toks17
\ex@=\dimen104
))
(/usr/local/texlive/2013/texmf-dist/tex/latex/amsmath/amsbsy.sty
Package: amsbsy 1999/11/29 v1.2d
\pmbraise@=\dimen105
)
(/usr/local/texlive/2013/texmf-dist/tex/latex/amsmath/amsopn.sty
Package: amsopn 1999/12/14 v2.01 operator names
)
\inf@bad=\count88
LaTeX Info: Redefining \frac on input line 210.
\uproot@=\count89
\leftroot@=\count90
LaTeX Info: Redefining \overline on input line 306.
\classnum@=\count91
\DOTSCASE@=\count92
LaTeX Info: Redefining \ldots on input line 378.
LaTeX Info: Redefining \dots on input line 381.
LaTeX Info: Redefining \cdots on input line 466.
\Mathstrutbox@=\box26
\strutbox@=\box27
\big@size=\dimen106
LaTeX Font Info:    Redeclaring font encoding OML on input line 566.
LaTeX Font Info:    Redeclaring font encoding OMS on input line 567.
\macc@depth=\count93
\c@MaxMatrixCols=\count94
\dotsspace@=\muskip10
\c@parentequation=\count95
\dspbrk@lvl=\count96
\tag@help=\toks18
\row@=\count97
\column@=\count98
\maxfields@=\count99
\andhelp@=\toks19
\eqnshift@=\dimen107
\alignsep@=\dimen108
\tagshift@=\dimen109
\tagwidth@=\dimen110
\totwidth@=\dimen111
\lineht@=\dimen112
\@envbody=\toks20
\multlinegap=\skip44
\multlinetaggap=\skip45
\mathdisplay@stack=\toks21
LaTeX Info: Redefining \[ on input line 2665.
LaTeX Info: Redefining \] on input line 2666.
)
(/usr/local/texlive/2013/texmf-dist/tex/latex/psnfss/times.sty
Package: times 2005/04/12 PSNFSS-v9.2a (SPQR) 
)
(/usr/local/texlive/2013/texmf-dist/tex/latex/listings/listings.sty
(/usr/local/texlive/2013/texmf-dist/tex/latex/graphics/keyval.sty
Package: keyval 1999/03/16 v1.13 key=value parser (DPC)
\KV@toks@=\toks22
)
\lst@mode=\count100
\lst@gtempboxa=\box28
\lst@token=\toks23
\lst@length=\count101
\lst@currlwidth=\dimen113
\lst@column=\count102
\lst@pos=\count103
\lst@lostspace=\dimen114
\lst@width=\dimen115
\lst@newlines=\count104
\lst@lineno=\count105
\lst@maxwidth=\dimen116

(/usr/local/texlive/2013/texmf-dist/tex/latex/listings/lstmisc.sty
File: lstmisc.sty 2007/02/22 1.4 (Carsten Heinz)
\c@lstnumber=\count106
\lst@skipnumbers=\count107
\lst@framebox=\box29
)
(/usr/local/texlive/2013/texmf-dist/tex/latex/listings/listings.cfg
File: listings.cfg 2007/02/22 1.4 listings configuration
))
Package: listings 2007/02/22 1.4 (Carsten Heinz)

(/usr/local/texlive/2013/texmf-dist/tex/latex/base/textcomp.sty
Package: textcomp 2005/09/27 v1.99g Standard LaTeX package
Package textcomp Info: Sub-encoding information:
(textcomp)               5 = only ISO-Adobe without \textcurrency
(textcomp)               4 = 5 + \texteuro
(textcomp)               3 = 4 + \textohm
(textcomp)               2 = 3 + \textestimated + \textcurrency
(textcomp)               1 = TS1 - \textcircled - \t
(textcomp)               0 = TS1 (full)
(textcomp)             Font families with sub-encoding setting implement
(textcomp)             only a restricted character set as indicated.
(textcomp)             Family '?' is the default used for unknown fonts.
(textcomp)             See the documentation for details.
Package textcomp Info: Setting ? sub-encoding to TS1/1 on input line 71.

(/usr/local/texlive/2013/texmf-dist/tex/latex/base/ts1enc.def
File: ts1enc.def 2001/06/05 v3.0e (jk/car/fm) Standard LaTeX file
Now handling font encoding TS1 ...
... processing UTF-8 mapping file for font encoding TS1

(/usr/local/texlive/2013/texmf-dist/tex/latex/base/ts1enc.dfu
File: ts1enc.dfu 2008/04/05 v1.1m UTF-8 support for inputenc
   defining Unicode char U+00A2 (decimal 162)
   defining Unicode char U+00A3 (decimal 163)
   defining Unicode char U+00A4 (decimal 164)
   defining Unicode char U+00A5 (decimal 165)
   defining Unicode char U+00A6 (decimal 166)
   defining Unicode char U+00A7 (decimal 167)
   defining Unicode char U+00A8 (decimal 168)
   defining Unicode char U+00A9 (decimal 169)
   defining Unicode char U+00AA (decimal 170)
   defining Unicode char U+00AC (decimal 172)
   defining Unicode char U+00AE (decimal 174)
   defining Unicode char U+00AF (decimal 175)
   defining Unicode char U+00B0 (decimal 176)
   defining Unicode char U+00B1 (decimal 177)
   defining Unicode char U+00B2 (decimal 178)
   defining Unicode char U+00B3 (decimal 179)
   defining Unicode char U+00B4 (decimal 180)
   defining Unicode char U+00B5 (decimal 181)
   defining Unicode char U+00B6 (decimal 182)
   defining Unicode char U+00B7 (decimal 183)
   defining Unicode char U+00B9 (decimal 185)
   defining Unicode char U+00BA (decimal 186)
   defining Unicode char U+00BC (decimal 188)
   defining Unicode char U+00BD (decimal 189)
   defining Unicode char U+00BE (decimal 190)
   defining Unicode char U+00D7 (decimal 215)
   defining Unicode char U+00F7 (decimal 247)
   defining Unicode char U+0192 (decimal 402)
   defining Unicode char U+02C7 (decimal 711)
   defining Unicode char U+02D8 (decimal 728)
   defining Unicode char U+02DD (decimal 733)
   defining Unicode char U+0E3F (decimal 3647)
   defining Unicode char U+2016 (decimal 8214)
   defining Unicode char U+2020 (decimal 8224)
   defining Unicode char U+2021 (decimal 8225)
   defining Unicode char U+2022 (decimal 8226)
   defining Unicode char U+2030 (decimal 8240)
   defining Unicode char U+2031 (decimal 8241)
   defining Unicode char U+203B (decimal 8251)
   defining Unicode char U+203D (decimal 8253)
   defining Unicode char U+2044 (decimal 8260)
   defining Unicode char U+204E (decimal 8270)
   defining Unicode char U+2052 (decimal 8274)
   defining Unicode char U+20A1 (decimal 8353)
   defining Unicode char U+20A4 (decimal 8356)
   defining Unicode char U+20A6 (decimal 8358)
   defining Unicode char U+20A9 (decimal 8361)
   defining Unicode char U+20AB (decimal 8363)
   defining Unicode char U+20AC (decimal 8364)
   defining Unicode char U+20B1 (decimal 8369)
   defining Unicode char U+2103 (decimal 8451)
   defining Unicode char U+2116 (decimal 8470)
   defining Unicode char U+2117 (decimal 8471)
   defining Unicode char U+211E (decimal 8478)
   defining Unicode char U+2120 (decimal 8480)
   defining Unicode char U+2122 (decimal 8482)
   defining Unicode char U+2126 (decimal 8486)
   defining Unicode char U+2127 (decimal 8487)
   defining Unicode char U+212E (decimal 8494)
   defining Unicode char U+2190 (decimal 8592)
   defining Unicode char U+2191 (decimal 8593)
   defining Unicode char U+2192 (decimal 8594)
   defining Unicode char U+2193 (decimal 8595)
   defining Unicode char U+2329 (decimal 9001)
   defining Unicode char U+232A (decimal 9002)
   defining Unicode char U+2422 (decimal 9250)
   defining Unicode char U+25E6 (decimal 9702)
   defining Unicode char U+25EF (decimal 9711)
   defining Unicode char U+266A (decimal 9834)
))
LaTeX Info: Redefining \oldstylenums on input line 266.
Package textcomp Info: Setting cmr sub-encoding to TS1/0 on input line 281.
Package textcomp Info: Setting cmss sub-encoding to TS1/0 on input line 282.
Package textcomp Info: Setting cmtt sub-encoding to TS1/0 on input line 283.
Package textcomp Info: Setting cmvtt sub-encoding to TS1/0 on input line 284.
Package textcomp Info: Setting cmbr sub-encoding to TS1/0 on input line 285.
Package textcomp Info: Setting cmtl sub-encoding to TS1/0 on input line 286.
Package textcomp Info: Setting ccr sub-encoding to TS1/0 on input line 287.
Package textcomp Info: Setting ptm sub-encoding to TS1/4 on input line 288.
Package textcomp Info: Setting pcr sub-encoding to TS1/4 on input line 289.
Package textcomp Info: Setting phv sub-encoding to TS1/4 on input line 290.
Package textcomp Info: Setting ppl sub-encoding to TS1/3 on input line 291.
Package textcomp Info: Setting pag sub-encoding to TS1/4 on input line 292.
Package textcomp Info: Setting pbk sub-encoding to TS1/4 on input line 293.
Package textcomp Info: Setting pnc sub-encoding to TS1/4 on input line 294.
Package textcomp Info: Setting pzc sub-encoding to TS1/4 on input line 295.
Package textcomp Info: Setting bch sub-encoding to TS1/4 on input line 296.
Package textcomp Info: Setting put sub-encoding to TS1/5 on input line 297.
Package textcomp Info: Setting uag sub-encoding to TS1/5 on input line 298.
Package textcomp Info: Setting ugq sub-encoding to TS1/5 on input line 299.
Package textcomp Info: Setting ul8 sub-encoding to TS1/4 on input line 300.
Package textcomp Info: Setting ul9 sub-encoding to TS1/4 on input line 301.
Package textcomp Info: Setting augie sub-encoding to TS1/5 on input line 302.
Package textcomp Info: Setting dayrom sub-encoding to TS1/3 on input line 303.
Package textcomp Info: Setting dayroms sub-encoding to TS1/3 on input line 304.

Package textcomp Info: Setting pxr sub-encoding to TS1/0 on input line 305.
Package textcomp Info: Setting pxss sub-encoding to TS1/0 on input line 306.
Package textcomp Info: Setting pxtt sub-encoding to TS1/0 on input line 307.
Package textcomp Info: Setting txr sub-encoding to TS1/0 on input line 308.
Package textcomp Info: Setting txss sub-encoding to TS1/0 on input line 309.
Package textcomp Info: Setting txtt sub-encoding to TS1/0 on input line 310.
Package textcomp Info: Setting lmr sub-encoding to TS1/0 on input line 311.
Package textcomp Info: Setting lmdh sub-encoding to TS1/0 on input line 312.
Package textcomp Info: Setting lmss sub-encoding to TS1/0 on input line 313.
Package textcomp Info: Setting lmssq sub-encoding to TS1/0 on input line 314.
Package textcomp Info: Setting lmvtt sub-encoding to TS1/0 on input line 315.
Package textcomp Info: Setting qhv sub-encoding to TS1/0 on input line 316.
Package textcomp Info: Setting qag sub-encoding to TS1/0 on input line 317.
Package textcomp Info: Setting qbk sub-encoding to TS1/0 on input line 318.
Package textcomp Info: Setting qcr sub-encoding to TS1/0 on input line 319.
Package textcomp Info: Setting qcs sub-encoding to TS1/0 on input line 320.
Package textcomp Info: Setting qpl sub-encoding to TS1/0 on input line 321.
Package textcomp Info: Setting qtm sub-encoding to TS1/0 on input line 322.
Package textcomp Info: Setting qzc sub-encoding to TS1/0 on input line 323.
Package textcomp Info: Setting qhvc sub-encoding to TS1/0 on input line 324.
Package textcomp Info: Setting futs sub-encoding to TS1/4 on input line 325.
Package textcomp Info: Setting futx sub-encoding to TS1/4 on input line 326.
Package textcomp Info: Setting futj sub-encoding to TS1/4 on input line 327.
Package textcomp Info: Setting hlh sub-encoding to TS1/3 on input line 328.
Package textcomp Info: Setting hls sub-encoding to TS1/3 on input line 329.
Package textcomp Info: Setting hlst sub-encoding to TS1/3 on input line 330.
Package textcomp Info: Setting hlct sub-encoding to TS1/5 on input line 331.
Package textcomp Info: Setting hlx sub-encoding to TS1/5 on input line 332.
Package textcomp Info: Setting hlce sub-encoding to TS1/5 on input line 333.
Package textcomp Info: Setting hlcn sub-encoding to TS1/5 on input line 334.
Package textcomp Info: Setting hlcw sub-encoding to TS1/5 on input line 335.
Package textcomp Info: Setting hlcf sub-encoding to TS1/5 on input line 336.
Package textcomp Info: Setting pplx sub-encoding to TS1/3 on input line 337.
Package textcomp Info: Setting pplj sub-encoding to TS1/3 on input line 338.
Package textcomp Info: Setting ptmx sub-encoding to TS1/4 on input line 339.
Package textcomp Info: Setting ptmj sub-encoding to TS1/4 on input line 340.
)
(/usr/local/texlive/2013/texmf-dist/tex/latex/braket/braket.sty)
(/usr/local/texlive/2013/texmf-dist/tex/latex/base/latexsym.sty
Package: latexsym 1998/08/17 v2.2e Standard LaTeX package (lasy symbols)
\symlasy=\mathgroup6
LaTeX Font Info:    Overwriting symbol font `lasy' in version `bold'
(Font)                  U/lasy/m/n --> U/lasy/b/n on input line 47.
)
(/usr/local/texlive/2013/texmf-dist/tex/latex/setspace/setspace.sty
Package: setspace 2011/12/19 v6.7a set line spacing
)
(/usr/local/texlive/2013/texmf-dist/tex/latex/hyperref/hyperref.sty
Package: hyperref 2012/11/06 v6.83m Hypertext links for LaTeX

(/usr/local/texlive/2013/texmf-dist/tex/generic/oberdiek/hobsub-hyperref.sty
Package: hobsub-hyperref 2012/05/28 v1.13 Bundle oberdiek, subset hyperref (HO)


(/usr/local/texlive/2013/texmf-dist/tex/generic/oberdiek/hobsub-generic.sty
Package: hobsub-generic 2012/05/28 v1.13 Bundle oberdiek, subset generic (HO)
Package: hobsub 2012/05/28 v1.13 Construct package bundles (HO)
Package: infwarerr 2010/04/08 v1.3 Providing info/warning/error messages (HO)
Package: ltxcmds 2011/11/09 v1.22 LaTeX kernel commands for general use (HO)
Package: ifluatex 2010/03/01 v1.3 Provides the ifluatex switch (HO)
Package ifluatex Info: LuaTeX not detected.
Package: ifvtex 2010/03/01 v1.5 Detect VTeX and its facilities (HO)
Package ifvtex Info: VTeX not detected.
Package: intcalc 2007/09/27 v1.1 Expandable calculations with integers (HO)
Package: ifpdf 2011/01/30 v2.3 Provides the ifpdf switch (HO)
Package ifpdf Info: pdfTeX in PDF mode is detected.
Package: etexcmds 2011/02/16 v1.5 Avoid name clashes with e-TeX commands (HO)
Package etexcmds Info: Could not find \expanded.
(etexcmds)             That can mean that you are not using pdfTeX 1.50 or
(etexcmds)             that some package has redefined \expanded.
(etexcmds)             In the latter case, load this package earlier.
Package: kvsetkeys 2012/04/25 v1.16 Key value parser (HO)
Package: kvdefinekeys 2011/04/07 v1.3 Define keys (HO)
Package: pdftexcmds 2011/11/29 v0.20 Utility functions of pdfTeX for LuaTeX (HO
)
Package pdftexcmds Info: LuaTeX not detected.
Package pdftexcmds Info: \pdf@primitive is available.
Package pdftexcmds Info: \pdf@ifprimitive is available.
Package pdftexcmds Info: \pdfdraftmode found.
Package: pdfescape 2011/11/25 v1.13 Implements pdfTeX's escape features (HO)
Package: bigintcalc 2012/04/08 v1.3 Expandable calculations on big integers (HO
)
Package: bitset 2011/01/30 v1.1 Handle bit-vector datatype (HO)
Package: uniquecounter 2011/01/30 v1.2 Provide unlimited unique counter (HO)
)
Package hobsub Info: Skipping package `hobsub' (already loaded).
Package: letltxmacro 2010/09/02 v1.4 Let assignment for LaTeX macros (HO)
Package: hopatch 2012/05/28 v1.2 Wrapper for package hooks (HO)
Package: xcolor-patch 2011/01/30 xcolor patch
Package: atveryend 2011/06/30 v1.8 Hooks at the very end of document (HO)
Package atveryend Info: \enddocument detected (standard20110627).
Package: atbegshi 2011/10/05 v1.16 At begin shipout hook (HO)
Package: refcount 2011/10/16 v3.4 Data extraction from label references (HO)
Package: hycolor 2011/01/30 v1.7 Color options for hyperref/bookmark (HO)
)
(/usr/local/texlive/2013/texmf-dist/tex/generic/ifxetex/ifxetex.sty
Package: ifxetex 2010/09/12 v0.6 Provides ifxetex conditional
)
(/usr/local/texlive/2013/texmf-dist/tex/latex/oberdiek/auxhook.sty
Package: auxhook 2011/03/04 v1.3 Hooks for auxiliary files (HO)
)
(/usr/local/texlive/2013/texmf-dist/tex/latex/oberdiek/kvoptions.sty
Package: kvoptions 2011/06/30 v3.11 Key value format for package options (HO)
)
\@linkdim=\dimen117
\Hy@linkcounter=\count108
\Hy@pagecounter=\count109

(/usr/local/texlive/2013/texmf-dist/tex/latex/hyperref/pd1enc.def
File: pd1enc.def 2012/11/06 v6.83m Hyperref: PDFDocEncoding definition (HO)
Now handling font encoding PD1 ...
... no UTF-8 mapping file for font encoding PD1
)
\Hy@SavedSpaceFactor=\count110

(/usr/local/texlive/2013/texmf-dist/tex/latex/latexconfig/hyperref.cfg
File: hyperref.cfg 2002/06/06 v1.2 hyperref configuration of TeXLive
)
Package hyperref Info: Hyper figures OFF on input line 4443.
Package hyperref Info: Link nesting OFF on input line 4448.
Package hyperref Info: Hyper index ON on input line 4451.
Package hyperref Info: Plain pages OFF on input line 4458.
Package hyperref Info: Backreferencing OFF on input line 4463.
Package hyperref Info: Implicit mode ON; LaTeX internals redefined.
Package hyperref Info: Bookmarks ON on input line 4688.
\c@Hy@tempcnt=\count111

(/usr/local/texlive/2013/texmf-dist/tex/latex/url/url.sty
\Urlmuskip=\muskip11
Package: url 2006/04/12  ver 3.3  Verb mode for urls, etc.
)
LaTeX Info: Redefining \url on input line 5041.
\XeTeXLinkMargin=\dimen118
\Fld@menulength=\count112
\Field@Width=\dimen119
\Fld@charsize=\dimen120
Package hyperref Info: Hyper figures OFF on input line 6295.
Package hyperref Info: Link nesting OFF on input line 6300.
Package hyperref Info: Hyper index ON on input line 6303.
Package hyperref Info: backreferencing OFF on input line 6310.
Package hyperref Info: Link coloring OFF on input line 6315.
Package hyperref Info: Link coloring with OCG OFF on input line 6320.
Package hyperref Info: PDF/A mode OFF on input line 6325.
LaTeX Info: Redefining \ref on input line 6365.
LaTeX Info: Redefining \pageref on input line 6369.
\Hy@abspage=\count113
\c@Item=\count114
\c@Hfootnote=\count115
)

Package hyperref Message: Driver (autodetected): hpdftex.

(/usr/local/texlive/2013/texmf-dist/tex/latex/hyperref/hpdftex.def
File: hpdftex.def 2012/11/06 v6.83m Hyperref driver for pdfTeX
\Fld@listcount=\count116
\c@bookmark@seq@number=\count117

(/usr/local/texlive/2013/texmf-dist/tex/latex/oberdiek/rerunfilecheck.sty
Package: rerunfilecheck 2011/04/15 v1.7 Rerun checks for auxiliary files (HO)
Package uniquecounter Info: New unique counter `rerunfilecheck' on input line 2
82.
)
\Hy@SectionHShift=\skip46
)
(/usr/local/texlive/2013/texmf-dist/tex/latex/graphics/graphicx.sty
Package: graphicx 1999/02/16 v1.0f Enhanced LaTeX Graphics (DPC,SPQR)

(/usr/local/texlive/2013/texmf-dist/tex/latex/graphics/graphics.sty
Package: graphics 2009/02/05 v1.0o Standard LaTeX Graphics (DPC,SPQR)

(/usr/local/texlive/2013/texmf-dist/tex/latex/graphics/trig.sty
Package: trig 1999/03/16 v1.09 sin cos tan (DPC)
)
(/usr/local/texlive/2013/texmf-dist/tex/latex/latexconfig/graphics.cfg
File: graphics.cfg 2010/04/23 v1.9 graphics configuration of TeX Live
)
Package graphics Info: Driver file: pdftex.def on input line 91.

(/usr/local/texlive/2013/texmf-dist/tex/latex/pdftex-def/pdftex.def
File: pdftex.def 2011/05/27 v0.06d Graphics/color for pdfTeX
\Gread@gobject=\count118
))
\Gin@req@height=\dimen121
\Gin@req@width=\dimen122
)
(/usr/local/texlive/2013/texmf-dist/tex/latex/enumitem/enumitem.sty
Package: enumitem 2011/09/28 v3.5.2 Customized lists
\labelindent=\skip47
\enit@outerparindent=\dimen123
\enit@toks=\toks24
\enit@inbox=\box30
\enitdp@description=\count119
)
(/usr/local/texlive/2013/texmf-dist/tex/latex/graphics/color.sty
Package: color 2005/11/14 v1.0j Standard LaTeX Color (DPC)

(/usr/local/texlive/2013/texmf-dist/tex/latex/latexconfig/color.cfg
File: color.cfg 2007/01/18 v1.5 color configuration of teTeX/TeXLive
)
Package color Info: Driver file: pdftex.def on input line 130.
)
(/usr/local/texlive/2013/texmf-dist/tex/latex/floatrow/floatrow.sty
Package: floatrow 2008/08/02 v0.3b floatrow: float package extension

(/usr/local/texlive/2013/texmf-dist/tex/latex/caption/caption3.sty
Package: caption3 2013/05/02 v1.6-88 caption3 kernel (AR)
Package caption3 Info: TeX engine: e-TeX on input line 57.
\captionmargin=\dimen124
\captionmargin@=\dimen125
\captionwidth=\dimen126
\caption@tempdima=\dimen127
\caption@indent=\dimen128
\caption@parindent=\dimen129
\caption@hangindent=\dimen130
)
\c@float@type=\count120
\float@exts=\toks25
\float@box=\box31
\@floatcapt=\box32
Package floatrow Info: Modified float package code loaded on input line 455.
Package floatrow Info: Modified rotfloat package code loaded on input line 473.

\FR@everyfloat=\toks26
\flrow@foot=\insert233
\FB@wd=\dimen131
\FBo@wd=\dimen132
\FBc@wd=\dimen133
\FBo@ht=\skip48
\FBc@ht=\skip49
\FBf@ht=\skip50
\FBo@max=\skip51
\FBc@max=\skip52
\FBf@max=\skip53
\c@FBl@b=\count121
\floatbox@depth=\count122
\c@FRobj=\count123
\c@FRsobj=\count124
\Xhsize=\skip54
\sXhsize=\skip55
\Zhsize=\skip56
\sZhsize=\skip57
\flrow@rowbox=\box33
\FR@Zunitlength=\dimen134
\c@FBcnt=\count125
\FPOScnt=\count126
\LTleft=\skip58
\LTright=\skip59
\LTleft=\skip60
\LTright=\skip61
\flrow@types=\toks27
)
(/usr/local/texlive/2013/texmf-dist/tex/latex/geometry/geometry.sty
Package: geometry 2010/09/12 v5.6 Page Geometry
\Gm@cnth=\count127
\Gm@cntv=\count128
\c@Gm@tempcnt=\count129
\Gm@bindingoffset=\dimen135
\Gm@wd@mp=\dimen136
\Gm@odd@mp=\dimen137
\Gm@even@mp=\dimen138
\Gm@layoutwidth=\dimen139
\Gm@layoutheight=\dimen140
\Gm@layouthoffset=\dimen141
\Gm@layoutvoffset=\dimen142
\Gm@dimlist=\toks28
)
(/usr/local/texlive/2013/texmf-dist/tex/latex/amscls/amsthm.sty
Package: amsthm 2004/08/06 v2.20
\thm@style=\toks29
\thm@bodyfont=\toks30
\thm@headfont=\toks31
\thm@notefont=\toks32
\thm@headpunct=\toks33
\thm@preskip=\skip62
\thm@postskip=\skip63
\thm@headsep=\skip64
\dth@everypar=\toks34
)
(./kaplan_ifp_report.aux)
\openout1 = `kaplan_ifp_report.aux'.

LaTeX Font Info:    Checking defaults for OML/cmm/m/it on input line 21.
LaTeX Font Info:    ... okay on input line 21.
LaTeX Font Info:    Checking defaults for T1/cmr/m/n on input line 21.
LaTeX Font Info:    ... okay on input line 21.
LaTeX Font Info:    Checking defaults for OT1/cmr/m/n on input line 21.
LaTeX Font Info:    ... okay on input line 21.
LaTeX Font Info:    Checking defaults for OMS/cmsy/m/n on input line 21.
LaTeX Font Info:    ... okay on input line 21.
LaTeX Font Info:    Checking defaults for OMX/cmex/m/n on input line 21.
LaTeX Font Info:    ... okay on input line 21.
LaTeX Font Info:    Checking defaults for U/cmr/m/n on input line 21.
LaTeX Font Info:    ... okay on input line 21.
LaTeX Font Info:    Checking defaults for TS1/cmr/m/n on input line 21.
LaTeX Font Info:    Try loading font information for TS1+cmr on input line 21.

(/usr/local/texlive/2013/texmf-dist/tex/latex/base/ts1cmr.fd
File: ts1cmr.fd 1999/05/25 v2.5h Standard LaTeX font definitions
)
LaTeX Font Info:    ... okay on input line 21.
LaTeX Font Info:    Checking defaults for PD1/pdf/m/n on input line 21.
LaTeX Font Info:    ... okay on input line 21.
LaTeX Font Info:    Try loading font information for OT1+ptm on input line 21.

(/usr/local/texlive/2013/texmf-dist/tex/latex/psnfss/ot1ptm.fd
File: ot1ptm.fd 2001/06/04 font definitions for OT1/ptm.
)
\c@lstlisting=\count130
\AtBeginShipoutBox=\box34
Package hyperref Info: Link coloring OFF on input line 21.

(/usr/local/texlive/2013/texmf-dist/tex/latex/hyperref/nameref.sty
Package: nameref 2012/10/27 v2.43 Cross-referencing by name of section

(/usr/local/texlive/2013/texmf-dist/tex/generic/oberdiek/gettitlestring.sty
Package: gettitlestring 2010/12/03 v1.4 Cleanup title references (HO)
)
\c@section@level=\count131
)
LaTeX Info: Redefining \ref on input line 21.
LaTeX Info: Redefining \pageref on input line 21.
LaTeX Info: Redefining \nameref on input line 21.

(./kaplan_ifp_report.out) (./kaplan_ifp_report.out)
\@outlinefile=\write3
\openout3 = `kaplan_ifp_report.out'.


(/usr/local/texlive/2013/texmf-dist/tex/context/base/supp-pdf.mkii
[Loading MPS to PDF converter (version 2006.09.02).]
\scratchcounter=\count132
\scratchdimen=\dimen143
\scratchbox=\box35
\nofMPsegments=\count133
\nofMParguments=\count134
\everyMPshowfont=\toks35
\MPscratchCnt=\count135
\MPscratchDim=\dimen144
\MPnumerator=\count136
\makeMPintoPDFobject=\count137
\everyMPtoPDFconversion=\toks36
) (/usr/local/texlive/2013/texmf-dist/tex/latex/oberdiek/epstopdf-base.sty
Package: epstopdf-base 2010/02/09 v2.5 Base part for package epstopdf

(/usr/local/texlive/2013/texmf-dist/tex/latex/oberdiek/grfext.sty
Package: grfext 2010/08/19 v1.1 Manage graphics extensions (HO)
)
Package grfext Info: Graphics extension search list:
(grfext)             [.png,.pdf,.jpg,.mps,.jpeg,.jbig2,.jb2,.PNG,.PDF,.JPG,.JPE
G,.JBIG2,.JB2,.eps]
(grfext)             \AppendGraphicsExtensions on input line 452.

(/usr/local/texlive/2013/texmf-dist/tex/latex/latexconfig/epstopdf-sys.cfg
File: epstopdf-sys.cfg 2010/07/13 v1.3 Configuration of (r)epstopdf for TeX Liv
e
))
Package caption Info: Begin \AtBeginDocument code.
Package caption Info: End \AtBeginDocument code.

*geometry* driver: auto-detecting
*geometry* detected driver: pdftex
*geometry* verbose mode - [ preamble ] result:
* driver: pdftex
* paper: <default>
* layout: <same size as paper>
* layoutoffset:(h,v)=(0.0pt,0.0pt)
* modes: 
* h-part:(L,W,R)=(113.81102pt, 429.3521pt, 71.13188pt)
* v-part:(T,H,B)=(71.13188pt, 652.70622pt, 71.13188pt)
* \paperwidth=614.295pt
* \paperheight=794.96999pt
* \textwidth=429.3521pt
* \textheight=652.70622pt
* \oddsidemargin=41.54103pt
* \evensidemargin=41.54103pt
* \topmargin=-38.1381pt
* \headheight=12.0pt
* \headsep=25.0pt
* \topskip=12.0pt
* \footskip=30.0pt
* \marginparwidth=44.0pt
* \marginparsep=10.0pt
* \columnsep=10.0pt
* \skip\footins=10.8pt plus 4.0pt minus 2.0pt
* \hoffset=0.0pt
* \voffset=0.0pt
* \mag=1000
* \@twocolumnfalse
* \@twosidefalse
* \@mparswitchfalse
* \@reversemarginfalse
* (1in=72.27pt=25.4mm, 1cm=28.453pt)

[1

]
LaTeX Font Info:    Font shape `OT1/ptm/bx/n' in size <24.88> not available
(Font)              Font shape `OT1/ptm/b/n' tried instead on input line 40.
 (./kaplan_ifp_report.toc
LaTeX Font Info:    Font shape `OT1/ptm/bx/n' in size <12> not available
(Font)              Font shape `OT1/ptm/b/n' tried instead on input line 1.
LaTeX Font Info:    Try loading font information for U+msa on input line 4.

(/usr/local/texlive/2013/texmf-dist/tex/latex/amsfonts/umsa.fd
File: umsa.fd 2013/01/14 v3.01 AMS symbols A
)
LaTeX Font Info:    Try loading font information for U+msb on input line 4.

(/usr/local/texlive/2013/texmf-dist/tex/latex/amsfonts/umsb.fd
File: umsb.fd 2013/01/14 v3.01 AMS symbols B
)
LaTeX Font Info:    Try loading font information for U+lasy on input line 4.

(/usr/local/texlive/2013/texmf-dist/tex/latex/base/ulasy.fd
File: ulasy.fd 1998/08/17 v2.2e LaTeX symbol font definitions
) [1

{/usr/local/texlive/2013/texmf-var/fonts/map/pdftex/updmap/pdftex.map}])
\tf@toc=\write4
\openout4 = `kaplan_ifp_report.toc'.

 [2] [3]
(./kaplan_ifp_report.lof [5

]
Overfull \hbox (2.96744pt too wide) in paragraph at lines 36--36
 [][] [][]\OT1/ptm/m/n/12 Equilibration of states via Metropo-lis al-go-rithm w
ith SSE and via Metropo- 
 []


Overfull \hbox (2.96744pt too wide) in paragraph at lines 41--41
 [][] [][]\OT1/ptm/m/n/12 Equilibration of states via Metropo-lis al-go-rithm w
ith SSE and via Metropo- 
 []

)
\tf@lof=\write5
\openout5 = `kaplan_ifp_report.lof'.

 [6]
Chapter 1.
LaTeX Font Info:    Font shape `OT1/ptm/bx/n' in size <17.28> not available
(Font)              Font shape `OT1/ptm/b/n' tried instead on input line 65.
pdfTeX warning (ext4): destination with the same identifier (name{page.1}) has 
been already used, duplicate ignored
<to be read again> 
                   \relax 
l.76 
      [1

] [2]
<../programs/MC/Pi/mean_square_deviation_direct_sampling.png, id=322, 433.62pt 
x 289.08pt>
File: ../programs/MC/Pi/mean_square_deviation_direct_sampling.png Graphic file 
(type png)
 <use ../programs/MC/Pi/mean_square_deviation_direct_sampling.png>
Package pdftex.def Info: ../programs/MC/Pi/mean_square_deviation_direct_samplin
g.png used on input line 104.
(pdftex.def)             Requested size: 312.9803pt x 208.66234pt.

[3]
<../programs/MC/Pi/mean_square_deviation_Markov_sampling.png, id=330, 433.62pt 
x 289.08pt>
File: ../programs/MC/Pi/mean_square_deviation_Markov_sampling.png Graphic file 
(type png)
 <use ../programs/MC/Pi/mean_square_deviation_Markov_sampling.png>
Package pdftex.def Info: ../programs/MC/Pi/mean_square_deviation_Markov_samplin
g.png used on input line 112.
(pdftex.def)             Requested size: 312.9803pt x 208.66234pt.

<../programs/MC/Pi/rejection_rate_Markov_sampling.png, id=331, 433.62pt x 289.0
8pt>
File: ../programs/MC/Pi/rejection_rate_Markov_sampling.png Graphic file (type p
ng)
 <use ../programs/MC/Pi/rejection_rate_Markov_sampling.png>
Package pdftex.def Info: ../programs/MC/Pi/rejection_rate_Markov_sampling.png u
sed on input line 121.
(pdftex.def)             Requested size: 341.43306pt x 227.63405pt.
 [4 <../programs/MC/Pi/mean_square_deviation_direct_sampling.png> <../programs/
MC/Pi/mean_square_deviation_Markov_sampling.png>]
LaTeX Font Info:    Font shape `OT1/ptm/bx/n' in size <14.4> not available
(Font)              Font shape `OT1/ptm/b/n' tried instead on input line 128.
 [5 <../programs/MC/Pi/rejection_rate_Markov_sampling.png>] [6] [7] [8]
<../programs/MC/central_limit_theorem/clt.png, id=378, 433.62pt x 289.08pt>
File: ../programs/MC/central_limit_theorem/clt.png Graphic file (type png)

<use ../programs/MC/central_limit_theorem/clt.png>
Package pdftex.def Info: ../programs/MC/central_limit_theorem/clt.png used on i
nput line 240.
(pdftex.def)             Requested size: 341.43306pt x 227.63405pt.

<../programs/MC/central_limit_theorem/clt2.png, id=379, 433.62pt x 289.08pt>
File: ../programs/MC/central_limit_theorem/clt2.png Graphic file (type png)

<use ../programs/MC/central_limit_theorem/clt2.png>
Package pdftex.def Info: ../programs/MC/central_limit_theorem/clt2.png used on 
input line 246.
(pdftex.def)             Requested size: 341.43306pt x 227.63405pt.
 [9 <../programs/MC/central_limit_theorem/clt.png> <../programs/MC/central_limi
t_theorem/clt2.png>]
[10]
Chapter 2.
[11

] [12] [13] [14] [15] [16] [17] [18] [19]
Chapter 3.
LaTeX Font Info:    Try loading font information for OT1+pcr on input line 516.

(/usr/local/texlive/2013/texmf-dist/tex/latex/psnfss/ot1pcr.fd
File: ot1pcr.fd 2001/06/04 font definitions for OT1/pcr.
) [20

] [21]
[22] [23] [24] [25] [26] [27] [28] [29] [30] [31] [32] [33] [34]
<../programs/graphics/equilibration_time/magnet_random_T2,000000.png, id=593, 4
33.62pt x 289.08pt>
File: ../programs/graphics/equilibration_time/magnet_random_T2,000000.png Graph
ic file (type png)

<use ../programs/graphics/equilibration_time/magnet_random_T2,000000.png>
Package pdftex.def Info: ../programs/graphics/equilibration_time/magnet_random_
T2,000000.png used on input line 1083.
(pdftex.def)             Requested size: 256.0748pt x 170.72333pt.

[35]
<../programs/graphics/equilibration_time/magnet_allup_T2,000000.png, id=602, 43
3.62pt x 289.08pt>
File: ../programs/graphics/equilibration_time/magnet_allup_T2,000000.png Graphi
c file (type png)

<use ../programs/graphics/equilibration_time/magnet_allup_T2,000000.png>
Package pdftex.def Info: ../programs/graphics/equilibration_time/magnet_allup_T
2,000000.png used on input line 1092.
(pdftex.def)             Requested size: 256.0748pt x 170.72333pt.

Overfull \hbox (5.57207pt too wide) in paragraph at lines 1113--1125
\OT1/ptm/m/n/12 Now, we have to take in-de-pen-dent sam-ples from the prop-er-t
ies af-ter equi-lib-rium is achieved.
 []

[36 <../programs/graphics/equilibration_time/magnet_random_T2,000000.png> <../p
rograms/graphics/equilibration_time/magnet_allup_T2,000000.png>]
<../programs/graphics/autocorrelation/autocorrelation_T2,000000.png, id=610, 43
3.62pt x 289.08pt>
File: ../programs/graphics/autocorrelation/autocorrelation_T2,000000.png Graphi
c file (type png)

<use ../programs/graphics/autocorrelation/autocorrelation_T2,000000.png>
Package pdftex.def Info: ../programs/graphics/autocorrelation/autocorrelation_T
2,000000.png used on input line 1135.
(pdftex.def)             Requested size: 244.6937pt x 163.132pt.

<../programs/graphics/autocorrelation/autocorrelation2_T2,000000.png, id=611, 4
33.62pt x 289.08pt>
File: ../programs/graphics/autocorrelation/autocorrelation2_T2,000000.png Graph
ic file (type png)

<use ../programs/graphics/autocorrelation/autocorrelation2_T2,000000.png>
Package pdftex.def Info: ../programs/graphics/autocorrelation/autocorrelation2_
T2,000000.png used on input line 1141.
(pdftex.def)             Requested size: 244.6937pt x 163.132pt.

<../programs/graphics/autocorrelation/correlation_fit_T2,000000.png, id=612, 43
3.62pt x 289.08pt>
File: ../programs/graphics/autocorrelation/correlation_fit_T2,000000.png Graphi
c file (type png)

<use ../programs/graphics/autocorrelation/correlation_fit_T2,000000.png>
Package pdftex.def Info: ../programs/graphics/autocorrelation/correlation_fit_T
2,000000.png used on input line 1147.
(pdftex.def)             Requested size: 244.6937pt x 163.132pt.

[37 <../programs/graphics/autocorrelation/autocorrelation_T2,000000.png> <../pr
ograms/graphics/autocorrelation/autocorrelation2_T2,000000.png>] [38 <../progra
ms/graphics/autocorrelation/correlation_fit_T2,000000.png>]
<../programs/graphics/properties/magnetization_L50.png, id=627, 433.62pt x 289.
08pt>
File: ../programs/graphics/properties/magnetization_L50.png Graphic file (type 
png)
 <use ../programs/graphics/properties/magnetization_L50.png>
Package pdftex.def Info: ../programs/graphics/properties/magnetization_L50.png 
used on input line 1190.
(pdftex.def)             Requested size: 284.52756pt x 189.69504pt.

<../programs/graphics/properties/internal_energy_L50.png, id=628, 433.62pt x 28
9.08pt>
File: ../programs/graphics/properties/internal_energy_L50.png Graphic file (typ
e png)
 <use ../programs/graphics/properties/internal_energy_L50.png>
Package pdftex.def Info: ../programs/graphics/properties/internal_energy_L50.pn
g used on input line 1225.
(pdftex.def)             Requested size: 284.52756pt x 189.69504pt.

<../programs/graphics/properties/magnetic_suscept_L50.png, id=629, 433.62pt x 2
89.08pt>
File: ../programs/graphics/properties/magnetic_suscept_L50.png Graphic file (ty
pe png)
 <use ../programs/graphics/properties/magnetic_suscept_L50.png>
Package pdftex.def Info: ../programs/graphics/properties/magnetic_suscept_L50.p
ng used on input line 1236.
(pdftex.def)             Requested size: 284.52756pt x 189.69504pt.

<../programs/graphics/properties/specific_heat_L50.png, id=630, 433.62pt x 289.
08pt>
File: ../programs/graphics/properties/specific_heat_L50.png Graphic file (type 
png)
 <use ../programs/graphics/properties/specific_heat_L50.png>
Package pdftex.def Info: ../programs/graphics/properties/specific_heat_L50.png 
used on input line 1247.
(pdftex.def)             Requested size: 284.52756pt x 189.69504pt.
 [39 <../programs/graphics/properties/magnetization_L50.png>]
<../programs/graphics/properties/correlation_time_L50.png, id=636, 433.62pt x 2
89.08pt>
File: ../programs/graphics/properties/correlation_time_L50.png Graphic file (ty
pe png)
 <use ../programs/graphics/properties/correlation_time_L50.png>
Package pdftex.def Info: ../programs/graphics/properties/correlation_time_L50.p
ng used on input line 1256.
(pdftex.def)             Requested size: 284.52756pt x 189.69504pt.

<../programs/graphics/properties/acceptance_ratio_L50.png, id=637, 433.62pt x 2
89.08pt>
File: ../programs/graphics/properties/acceptance_ratio_L50.png Graphic file (ty
pe png)
 <use ../programs/graphics/properties/acceptance_ratio_L50.png>
Package pdftex.def Info: ../programs/graphics/properties/acceptance_ratio_L50.p
ng used on input line 1271.
(pdftex.def)             Requested size: 284.52756pt x 189.69504pt.

[40 <../programs/graphics/properties/internal_energy_L50.png> <../programs/grap
hics/properties/magnetic_suscept_L50.png>] [41 <../programs/graphics/properties
/specific_heat_L50.png> <../programs/graphics/properties/correlation_time_L50.p
ng>] [42 <../programs/graphics/properties/acceptance_ratio_L50.png>]
<../programs/graphics/properties/critical_slowing_metropolis_logtime_T=3.png, i
d=656, 433.62pt x 289.08pt>
File: ../programs/graphics/properties/critical_slowing_metropolis_logtime_T=3.p
ng Graphic file (type png)

<use ../programs/graphics/properties/critical_slowing_metropolis_logtime_T=3.pn
g>
Package pdftex.def Info: ../programs/graphics/properties/critical_slowing_metro
polis_logtime_T=3.png used on input line 1345.
(pdftex.def)             Requested size: 284.52756pt x 189.69504pt.

<../programs/graphics/properties/critical_slowing_metropolis_logtime_T=2,269.pn
g, id=657, 433.62pt x 289.08pt>
File: ../programs/graphics/properties/critical_slowing_metropolis_logtime_T=2,2
69.png Graphic file (type png)

<use ../programs/graphics/properties/critical_slowing_metropolis_logtime_T=2,26
9.png>
Package pdftex.def Info: ../programs/graphics/properties/critical_slowing_metro
polis_logtime_T=2,269.png used on input line 1352.
(pdftex.def)             Requested size: 284.52756pt x 189.69504pt.
 [43 <../programs/graphics/properties/critical_slowing_metropolis_logtime_T=3.p
ng>] [44 <../programs/graphics/properties/critical_slowing_metropolis_logtime_T
=2,269.png>] [45]
<../programs/graphics/properties/dynamic_exponent.png, id=682, 433.62pt x 289.0
8pt>
File: ../programs/graphics/properties/dynamic_exponent.png Graphic file (type p
ng)
 <use ../programs/graphics/properties/dynamic_exponent.png>
Package pdftex.def Info: ../programs/graphics/properties/dynamic_exponent.png u
sed on input line 1546.
(pdftex.def)             Requested size: 284.52756pt x 189.69504pt.
 [46] [47 <../programs/graphics/properties/dynamic_exponent.png>] [48]
Overfull \hbox (13.28815pt too wide) in paragraph at lines 1660--1660
[]\OT1/ptm/b/n/17.28 Implementation of Wolff sim-u-la-tion of the Ising Model 
 []

[49] [50]
<../programs/graphics/properties/dynamic_exponent_wolff.png, id=720, 433.62pt x
 289.08pt>
File: ../programs/graphics/properties/dynamic_exponent_wolff.png Graphic file (
type png)
 <use ../programs/graphics/properties/dynamic_exponent_wolff.png>
Package pdftex.def Info: ../programs/graphics/properties/dynamic_exponent_wolff
.png used on input line 1705.
(pdftex.def)             Requested size: 284.52756pt x 189.69504pt.

[51 <../programs/graphics/properties/dynamic_exponent_wolff.png>]
Chapter 4.
[52

]
<../programs/graphics/properties/magnetic_suscept_wolff.png, id=733, 433.62pt x
 289.08pt>
File: ../programs/graphics/properties/magnetic_suscept_wolff.png Graphic file (
type png)
 <use ../programs/graphics/properties/magnetic_suscept_wolff.png>
Package pdftex.def Info: ../programs/graphics/properties/magnetic_suscept_wolff
.png used on input line 1808.
(pdftex.def)             Requested size: 284.52756pt x 189.69504pt.

[53]
<../programs/graphics/properties/gamma_over_nu_wolff.png, id=738, 433.62pt x 28
9.08pt>
File: ../programs/graphics/properties/gamma_over_nu_wolff.png Graphic file (typ
e png)
 <use ../programs/graphics/properties/gamma_over_nu_wolff.png>
Package pdftex.def Info: ../programs/graphics/properties/gamma_over_nu_wolff.pn
g used on input line 1832.
(pdftex.def)             Requested size: 284.52756pt x 189.69504pt.
 [54 <../programs/graphics/properties/magnetic_suscept_wolff.png> <../programs/
graphics/properties/gamma_over_nu_wolff.png>]
<../programs/graphics/properties/one_over_nu_wolff.png, id=745, 433.62pt x 289.
08pt>
File: ../programs/graphics/properties/one_over_nu_wolff.png Graphic file (type 
png)
 <use ../programs/graphics/properties/one_over_nu_wolff.png>
Package pdftex.def Info: ../programs/graphics/properties/one_over_nu_wolff.png 
used on input line 1851.
(pdftex.def)             Requested size: 284.52756pt x 189.69504pt.
 [55 <../programs/graphics/properties/one_over_nu_wolff.png>]
<../programs/graphics/properties/scaled_magnetic_suscept_wolff.png, id=755, 433
.62pt x 289.08pt>
File: ../programs/graphics/properties/scaled_magnetic_suscept_wolff.png Graphic
 file (type png)

<use ../programs/graphics/properties/scaled_magnetic_suscept_wolff.png>
Package pdftex.def Info: ../programs/graphics/properties/scaled_magnetic_suscep
t_wolff.png used on input line 1905.
(pdftex.def)             Requested size: 284.52756pt x 189.69504pt.

[56 <../programs/graphics/properties/scaled_magnetic_suscept_wolff.png>]
<../programs/graphics/properties/scaled_spec_heat_wolff.png, id=762, 433.62pt x
 289.08pt>
File: ../programs/graphics/properties/scaled_spec_heat_wolff.png Graphic file (
type png)
 <use ../programs/graphics/properties/scaled_spec_heat_wolff.png>
Package pdftex.def Info: ../programs/graphics/properties/scaled_spec_heat_wolff
.png used on input line 1961.
(pdftex.def)             Requested size: 284.52756pt x 189.69504pt.

<../programs/graphics/properties/scaled_log_spec_heat_wolff.png, id=764, 433.62
pt x 289.08pt>
File: ../programs/graphics/properties/scaled_log_spec_heat_wolff.png Graphic fi
le (type png)

<use ../programs/graphics/properties/scaled_log_spec_heat_wolff.png>
Package pdftex.def Info: ../programs/graphics/properties/scaled_log_spec_heat_w
olff.png used on input line 1977.
(pdftex.def)             Requested size: 284.52756pt x 189.69504pt.
 [57 <../programs/graphics/properties/scaled_spec_heat_wolff.png>] [58 <../prog
rams/graphics/properties/scaled_log_spec_heat_wolff.png>]
Chapter 5.

<../programs/graphics/properties/binder_ratio_wolff.png, id=779, 433.62pt x 289
.08pt>
File: ../programs/graphics/properties/binder_ratio_wolff.png Graphic file (type
 png)
 <use ../programs/graphics/properties/binder_ratio_wolff.png>
Package pdftex.def Info: ../programs/graphics/properties/binder_ratio_wolff.png
 used on input line 2031.
(pdftex.def)             Requested size: 284.52756pt x 189.69504pt.

<../programs/graphics/properties/binder_ratio2_wolff.png, id=780, 433.62pt x 28
9.08pt>
File: ../programs/graphics/properties/binder_ratio2_wolff.png Graphic file (typ
e png)
 <use ../programs/graphics/properties/binder_ratio2_wolff.png>
Package pdftex.def Info: ../programs/graphics/properties/binder_ratio2_wolff.pn
g used on input line 2039.
(pdftex.def)             Requested size: 284.52756pt x 189.69504pt.
 [59

]
[60 <../programs/graphics/properties/binder_ratio_wolff.png> <../programs/graph
ics/properties/binder_ratio2_wolff.png>]
Chapter 6.
[61

] [62] [63] [64] [65] [66]
<../programs/graphics/metropolis_sse/n_T2,000000L32.png, id=853, 433.62pt x 289
.08pt>
File: ../programs/graphics/metropolis_sse/n_T2,000000L32.png Graphic file (type
 png)
 <use ../programs/graphics/metropolis_sse/n_T2,000000L32.png>
Package pdftex.def Info: ../programs/graphics/metropolis_sse/n_T2,000000L32.png
 used on input line 2376.
(pdftex.def)             Requested size: 284.52756pt x 189.69504pt.
 [67 <../programs/graphics/metropolis_sse/n_T2,000000L32.png>]
<../programs/graphics/metropolis_sse/magnet_allup_T2,000000_L32.png, id=861, 43
3.62pt x 289.08pt>
File: ../programs/graphics/metropolis_sse/magnet_allup_T2,000000_L32.png Graphi
c file (type png)

<use ../programs/graphics/metropolis_sse/magnet_allup_T2,000000_L32.png>
Package pdftex.def Info: ../programs/graphics/metropolis_sse/magnet_allup_T2,00
0000_L32.png used on input line 2386.
(pdftex.def)             Requested size: 227.62204pt x 151.74721pt.

Overfull \hbox (34.41492pt too wide) in paragraph at lines 2386--2387
[][] 
 []


<../programs/graphics/equilibration_time/magnet_allup_T2,000000_L32.png, id=862
, 433.62pt x 289.08pt>
File: ../programs/graphics/equilibration_time/magnet_allup_T2,000000_L32.png Gr
aphic file (type png)

<use ../programs/graphics/equilibration_time/magnet_allup_T2,000000_L32.png>
Package pdftex.def Info: ../programs/graphics/equilibration_time/magnet_allup_T
2,000000_L32.png used on input line 2391.
(pdftex.def)             Requested size: 227.62204pt x 151.74721pt.

Overfull \hbox (34.41492pt too wide) in paragraph at lines 2391--2393
[][] 
 []

[68 <../programs/graphics/metropolis_sse/magnet_allup_T2,000000_L32.png> <../pr
ograms/graphics/equilibration_time/magnet_allup_T2,000000_L32.png>]
<../programs/graphics/metropolis_sse/autocorrelation_T2,000000_L32.png, id=869,
 433.62pt x 289.08pt>
File: ../programs/graphics/metropolis_sse/autocorrelation_T2,000000_L32.png Gra
phic file (type png)

<use ../programs/graphics/metropolis_sse/autocorrelation_T2,000000_L32.png>
Package pdftex.def Info: ../programs/graphics/metropolis_sse/autocorrelation_T2
,000000_L32.png used on input line 2404.
(pdftex.def)             Requested size: 227.62204pt x 151.74721pt.

Overfull \hbox (34.41492pt too wide) in paragraph at lines 2404--2405
[][] 
 []


<../programs/graphics/autocorrelation/autocorrelation_T2,000000_L32.png, id=870
, 433.62pt x 289.08pt>
File: ../programs/graphics/autocorrelation/autocorrelation_T2,000000_L32.png Gr
aphic file (type png)

<use ../programs/graphics/autocorrelation/autocorrelation_T2,000000_L32.png>
Package pdftex.def Info: ../programs/graphics/autocorrelation/autocorrelation_T
2,000000_L32.png used on input line 2409.
(pdftex.def)             Requested size: 227.62204pt x 151.74721pt.

Overfull \hbox (34.41492pt too wide) in paragraph at lines 2409--2411
[][] 
 []


<../programs/graphics/metropolis_sse/autocorrelation1_T2,000000_L32.png, id=871
, 433.62pt x 289.08pt>
File: ../programs/graphics/metropolis_sse/autocorrelation1_T2,000000_L32.png Gr
aphic file (type png)

<use ../programs/graphics/metropolis_sse/autocorrelation1_T2,000000_L32.png>
Package pdftex.def Info: ../programs/graphics/metropolis_sse/autocorrelation1_T
2,000000_L32.png used on input line 2419.
(pdftex.def)             Requested size: 227.62204pt x 151.74721pt.

Overfull \hbox (34.41492pt too wide) in paragraph at lines 2419--2420
[][] 
 []


<../programs/graphics/autocorrelation/autocorrelation1_T2,000000_L32.png, id=87
2, 433.62pt x 289.08pt>
File: ../programs/graphics/autocorrelation/autocorrelation1_T2,000000_L32.png G
raphic file (type png)

<use ../programs/graphics/autocorrelation/autocorrelation1_T2,000000_L32.png>
Package pdftex.def Info: ../programs/graphics/autocorrelation/autocorrelation1_
T2,000000_L32.png used on input line 2424.
(pdftex.def)             Requested size: 227.62204pt x 151.74721pt.

Overfull \hbox (34.41492pt too wide) in paragraph at lines 2424--2426
[][] 
 []


<../programs/graphics/metropolis_sse/correlation_fit_T2,000000_L32.png, id=873,
 433.62pt x 289.08pt>
File: ../programs/graphics/metropolis_sse/correlation_fit_T2,000000_L32.png Gra
phic file (type png)

<use ../programs/graphics/metropolis_sse/correlation_fit_T2,000000_L32.png>
Package pdftex.def Info: ../programs/graphics/metropolis_sse/correlation_fit_T2
,000000_L32.png used on input line 2435.
(pdftex.def)             Requested size: 227.62204pt x 151.74721pt.

Overfull \hbox (34.41492pt too wide) in paragraph at lines 2435--2436
[][] 
 []


<../programs/graphics/autocorrelation/correlation_fit_T2,000000_L32.png, id=874
, 433.62pt x 289.08pt>
File: ../programs/graphics/autocorrelation/correlation_fit_T2,000000_L32.png Gr
aphic file (type png)

<use ../programs/graphics/autocorrelation/correlation_fit_T2,000000_L32.png>
Package pdftex.def Info: ../programs/graphics/autocorrelation/correlation_fit_T
2,000000_L32.png used on input line 2440.
(pdftex.def)             Requested size: 227.62204pt x 151.74721pt.

Overfull \hbox (34.41492pt too wide) in paragraph at lines 2440--2442
[][] 
 []

[69 <../programs/graphics/metropolis_sse/autocorrelation_T2,000000_L32.png> <..
/programs/graphics/autocorrelation/autocorrelation_T2,000000_L32.png> <../progr
ams/graphics/metropolis_sse/autocorrelation1_T2,000000_L32.png> <../programs/gr
aphics/autocorrelation/autocorrelation1_T2,000000_L32.png>]
<../programs/graphics/metropolis_sse/n_T3,000000L32.png, id=883, 433.62pt x 289
.08pt>
File: ../programs/graphics/metropolis_sse/n_T3,000000L32.png Graphic file (type
 png)
 <use ../programs/graphics/metropolis_sse/n_T3,000000L32.png>
Package pdftex.def Info: ../programs/graphics/metropolis_sse/n_T3,000000L32.png
 used on input line 2478.
(pdftex.def)             Requested size: 284.52756pt x 189.69504pt.
 [70 <../programs/graphics/metropolis_sse/correlation_fit_T2,000000_L32.png> <.
./programs/graphics/autocorrelation/correlation_fit_T2,000000_L32.png> <../prog
rams/graphics/metropolis_sse/n_T3,000000L32.png>]
<../programs/graphics/metropolis_sse/magnet_allup_T3,000000_L32.png, id=891, 43
3.62pt x 289.08pt>
File: ../programs/graphics/metropolis_sse/magnet_allup_T3,000000_L32.png Graphi
c file (type png)

<use ../programs/graphics/metropolis_sse/magnet_allup_T3,000000_L32.png>
Package pdftex.def Info: ../programs/graphics/metropolis_sse/magnet_allup_T3,00
0000_L32.png used on input line 2488.
(pdftex.def)             Requested size: 227.62204pt x 151.74721pt.

Overfull \hbox (34.41492pt too wide) in paragraph at lines 2488--2489
[][] 
 []


<../programs/graphics/equilibration_time/magnet_allup_T3,000000_L32.png, id=892
, 433.62pt x 289.08pt>
File: ../programs/graphics/equilibration_time/magnet_allup_T3,000000_L32.png Gr
aphic file (type png)

<use ../programs/graphics/equilibration_time/magnet_allup_T3,000000_L32.png>
Package pdftex.def Info: ../programs/graphics/equilibration_time/magnet_allup_T
3,000000_L32.png used on input line 2493.
(pdftex.def)             Requested size: 227.62204pt x 151.74721pt.

Overfull \hbox (34.41492pt too wide) in paragraph at lines 2493--2495
[][] 
 []

[71 <../programs/graphics/metropolis_sse/magnet_allup_T3,000000_L32.png> <../pr
ograms/graphics/equilibration_time/magnet_allup_T3,000000_L32.png>]
<../programs/graphics/metropolis_sse/autocorrelation_T3,000000_L32.png, id=899,
 433.62pt x 289.08pt>
File: ../programs/graphics/metropolis_sse/autocorrelation_T3,000000_L32.png Gra
phic file (type png)

<use ../programs/graphics/metropolis_sse/autocorrelation_T3,000000_L32.png>
Package pdftex.def Info: ../programs/graphics/metropolis_sse/autocorrelation_T3
,000000_L32.png used on input line 2507.
(pdftex.def)             Requested size: 227.62204pt x 151.74721pt.

Overfull \hbox (34.41492pt too wide) in paragraph at lines 2507--2508
[][] 
 []


<../programs/graphics/autocorrelation/autocorrelation_T3,000000_L32.png, id=900
, 433.62pt x 289.08pt>
File: ../programs/graphics/autocorrelation/autocorrelation_T3,000000_L32.png Gr
aphic file (type png)

<use ../programs/graphics/autocorrelation/autocorrelation_T3,000000_L32.png>
Package pdftex.def Info: ../programs/graphics/autocorrelation/autocorrelation_T
3,000000_L32.png used on input line 2512.
(pdftex.def)             Requested size: 227.62204pt x 151.74721pt.

Overfull \hbox (34.41492pt too wide) in paragraph at lines 2512--2514
[][] 
 []


<../programs/graphics/metropolis_sse/autocorrelation1_T3,000000_L32.png, id=901
, 433.62pt x 289.08pt>
File: ../programs/graphics/metropolis_sse/autocorrelation1_T3,000000_L32.png Gr
aphic file (type png)

<use ../programs/graphics/metropolis_sse/autocorrelation1_T3,000000_L32.png>
Package pdftex.def Info: ../programs/graphics/metropolis_sse/autocorrelation1_T
3,000000_L32.png used on input line 2522.
(pdftex.def)             Requested size: 227.62204pt x 151.74721pt.

Overfull \hbox (34.41492pt too wide) in paragraph at lines 2522--2523
[][] 
 []


<../programs/graphics/autocorrelation/autocorrelation1_T3,000000_L32.png, id=90
2, 433.62pt x 289.08pt>
File: ../programs/graphics/autocorrelation/autocorrelation1_T3,000000_L32.png G
raphic file (type png)

<use ../programs/graphics/autocorrelation/autocorrelation1_T3,000000_L32.png>
Package pdftex.def Info: ../programs/graphics/autocorrelation/autocorrelation1_
T3,000000_L32.png used on input line 2527.
(pdftex.def)             Requested size: 227.62204pt x 151.74721pt.

Overfull \hbox (34.41492pt too wide) in paragraph at lines 2527--2529
[][] 
 []


<../programs/graphics/metropolis_sse/correlation_fit_T3,000000_L32.png, id=903,
 433.62pt x 289.08pt>
File: ../programs/graphics/metropolis_sse/correlation_fit_T3,000000_L32.png Gra
phic file (type png)

<use ../programs/graphics/metropolis_sse/correlation_fit_T3,000000_L32.png>
Package pdftex.def Info: ../programs/graphics/metropolis_sse/correlation_fit_T3
,000000_L32.png used on input line 2538.
(pdftex.def)             Requested size: 227.62204pt x 151.74721pt.

Overfull \hbox (34.41492pt too wide) in paragraph at lines 2538--2539
[][] 
 []


<../programs/graphics/autocorrelation/correlation_fit_T3,000000_L32.png, id=904
, 433.62pt x 289.08pt>
File: ../programs/graphics/autocorrelation/correlation_fit_T3,000000_L32.png Gr
aphic file (type png)

<use ../programs/graphics/autocorrelation/correlation_fit_T3,000000_L32.png>
Package pdftex.def Info: ../programs/graphics/autocorrelation/correlation_fit_T
3,000000_L32.png used on input line 2543.
(pdftex.def)             Requested size: 227.62204pt x 151.74721pt.

Overfull \hbox (34.41492pt too wide) in paragraph at lines 2543--2545
[][] 
 []

[72 <../programs/graphics/metropolis_sse/autocorrelation_T3,000000_L32.png> <..
/programs/graphics/autocorrelation/autocorrelation_T3,000000_L32.png> <../progr
ams/graphics/metropolis_sse/autocorrelation1_T3,000000_L32.png> <../programs/gr
aphics/autocorrelation/autocorrelation1_T3,000000_L32.png>]
(./kaplan_ifp_report.bbl [73 <../programs/graphics/metropolis_sse/correlation_f
it_T3,000000_L32.png> <../programs/graphics/autocorrelation/correlation_fit_T3,
000000_L32.png>]) [74

]
Appendix A.
(/usr/local/texlive/2013/texmf-dist/tex/latex/listings/lstlang1.sty
File: lstlang1.sty 2004/09/05 1.3 listings language file
)
(../programs/metropolis_report.py
LaTeX Font Info:    Try loading font information for TS1+ptm on input line 1.

(/usr/local/texlive/2013/texmf-dist/tex/latex/psnfss/ts1ptm.fd
File: ts1ptm.fd 2001/06/04 font definitions for TS1/ptm.
)
LaTeX Font Info:    Font shape `OT1/ptm/bx/n' in size <10> not available
(Font)              Font shape `OT1/ptm/b/n' tried instead on input line 2.
LaTeX Font Info:    Font shape `OT1/pcr/bx/n' in size <10> not available
(Font)              Font shape `OT1/pcr/b/n' tried instead on input line 2.
LaTeX Font Info:    Try loading font information for OML+ptm on input line 22.

(/usr/local/texlive/2013/texmf-dist/tex/latex/psnfss/omlptm.fd
File: omlptm.fd 
)
LaTeX Font Info:    Font shape `OML/ptm/m/n' in size <10> not available
(Font)              Font shape `OML/cmm/m/it' tried instead on input line 22.
 [75

]
Overfull \hbox (75.7639pt too wide) in paragraph at lines 39--40
[][][] 
 []


Overfull \hbox (117.76433pt too wide) in paragraph at lines 41--42
[][][] 
 []


Overfull \hbox (117.76433pt too wide) in paragraph at lines 42--44
[][][] 
 []

LaTeX Font Info:    Try loading font information for TS1+pcr on input line 60.
(/usr/local/texlive/2013/texmf-dist/tex/latex/psnfss/ts1pcr.fd
File: ts1pcr.fd 2001/06/04 font definitions for TS1/pcr.
) [76] [77]
[78] [79] [80] [81] [82]) (../programs/metropolis_sse_report.py [83] [84]
[85] [86] [87] [88]) (../programs/wolff_report.py [89]
Overfull \hbox (57.76372pt too wide) in paragraph at lines 40--41
[][][] 
 []


Overfull \hbox (117.76433pt too wide) in paragraph at lines 42--43
[][][] 
 []


Overfull \hbox (117.76433pt too wide) in paragraph at lines 43--45
[][][] 
 []

[90] [91] [92] [93])
Package atveryend Info: Empty hook `BeforeClearDocument' on input line 2613.
 [94]
Package atveryend Info: Empty hook `AfterLastShipout' on input line 2613.
 (./kaplan_ifp_report.aux)
Package atveryend Info: Executing hook `AtVeryEndDocument' on input line 2613.
Package atveryend Info: Executing hook `AtEndAfterFileList' on input line 2613.

Package rerunfilecheck Info: File `kaplan_ifp_report.out' has not changed.
(rerunfilecheck)             Checksum: 5E0C39BCEBA2D48B16C3DCB25645C371;2781.
Package atveryend Info: Empty hook `AtVeryVeryEnd' on input line 2613.
 ) 
Here is how much of TeX's memory you used:
 11974 strings out of 493315
 183154 string characters out of 6137904
 424713 words of memory out of 5000000
 14154 multiletter control sequences out of 15000+600000
 28953 words of font info for 79 fonts, out of 8000000 for 9000
 957 hyphenation exceptions out of 8191
 37i,11n,40p,1524b,1890s stack positions out of 5000i,500n,10000p,200000b,80000s
{/usr/local/texlive/2013/texmf-dist/fonts/enc/dvips/base/8r.enc}</usr/local/t
exlive/2013/texmf-dist/fonts/type1/public/amsfonts/cm/cmex10.pfb></usr/local/te
xlive/2013/texmf-dist/fonts/type1/public/amsfonts/cmextra/cmex8.pfb></usr/local
/texlive/2013/texmf-dist/fonts/type1/public/amsfonts/cm/cmmi10.pfb></usr/local/
texlive/2013/texmf-dist/fonts/type1/public/amsfonts/cm/cmmi12.pfb></usr/local/t
exlive/2013/texmf-dist/fonts/type1/public/amsfonts/cm/cmmi6.pfb></usr/local/tex
live/2013/texmf-dist/fonts/type1/public/amsfonts/cm/cmmi8.pfb></usr/local/texli
ve/2013/texmf-dist/fonts/type1/public/amsfonts/cm/cmr12.pfb></usr/local/texlive
/2013/texmf-dist/fonts/type1/public/amsfonts/cm/cmr6.pfb></usr/local/texlive/20
13/texmf-dist/fonts/type1/public/amsfonts/cm/cmr8.pfb></usr/local/texlive/2013/
texmf-dist/fonts/type1/public/amsfonts/cm/cmsy10.pfb></usr/local/texlive/2013/t
exmf-dist/fonts/type1/public/amsfonts/cm/cmsy6.pfb></usr/local/texlive/2013/tex
mf-dist/fonts/type1/public/amsfonts/cm/cmsy8.pfb></usr/local/texlive/2013/texmf
-dist/fonts/type1/public/amsfonts/symbols/msbm10.pfb></usr/local/texlive/2013/t
exmf-dist/fonts/type1/urw/courier/ucrb8a.pfb></usr/local/texlive/2013/texmf-dis
t/fonts/type1/urw/courier/ucrr8a.pfb></usr/local/texlive/2013/texmf-dist/fonts/
type1/urw/times/utmb8a.pfb></usr/local/texlive/2013/texmf-dist/fonts/type1/urw/
times/utmr8a.pfb></usr/local/texlive/2013/texmf-dist/fonts/type1/urw/times/utmr
i8a.pfb>
Output written on kaplan_ifp_report.pdf (100 pages, 1068642 bytes).
PDF statistics:
 1980 PDF objects out of 2073 (max. 8388607)
 1750 compressed objects within 18 object streams
 1041 named destinations out of 1200 (max. 500000)
 527 words of extra memory for PDF output out of 10000 (max. 10000000)

